<?xml version="1.0" encoding="UTF-8"?>
<testsuite xmlns:xsi="http://www.w3.org/2001/XMLSchema-instance" xsi:noNamespaceSchemaLocation="https://maven.apache.org/surefire/maven-surefire-plugin/xsd/surefire-test-report-3.0.xsd" version="3.0" name="tests.TestHttpServer" time="1.608" tests="3" errors="0" skipped="0" failures="0">
  <properties>
[...]
</properties>
  <testcase name="testCacheConcurrent" classname="tests.TestHttpServer" time="1.248"/>
  <testcase name="testCacheConcurrentPersisten" classname="tests.TestHttpServer" time="0.1"/>
  <testcase name="testSearchTitles" classname="tests.TestHttpServer" time="0.165"/>
</testsuite>